mode: set
woman-center-be/internal/app/v1/services/counseling_schedule_service.go:28.166,34.2 1 0
woman-center-be/internal/app/v1/services/counseling_schedule_service.go:36.157,38.31 1 0
woman-center-be/internal/app/v1/services/counseling_schedule_service.go:48.2,51.21 3 0
woman-center-be/internal/app/v1/services/counseling_schedule_service.go:55.2,57.28 2 0
woman-center-be/internal/app/v1/services/counseling_schedule_service.go:61.2,63.40 2 0
woman-center-be/internal/app/v1/services/counseling_schedule_service.go:73.2,75.22 2 0
woman-center-be/internal/app/v1/services/counseling_schedule_service.go:79.2,79.17 1 0
woman-center-be/internal/app/v1/services/counseling_schedule_service.go:38.31,42.17 2 0
woman-center-be/internal/app/v1/services/counseling_schedule_service.go:42.17,44.4 1 0
woman-center-be/internal/app/v1/services/counseling_schedule_service.go:51.21,53.3 1 0
woman-center-be/internal/app/v1/services/counseling_schedule_service.go:57.28,59.3 1 0
woman-center-be/internal/app/v1/services/counseling_schedule_service.go:63.40,67.35 2 0
woman-center-be/internal/app/v1/services/counseling_schedule_service.go:67.35,69.4 1 0
woman-center-be/internal/app/v1/services/counseling_schedule_service.go:75.22,77.3 1 0
woman-center-be/internal/app/v1/services/counseling_schedule_service.go:82.89,84.29 2 0
woman-center-be/internal/app/v1/services/counseling_schedule_service.go:88.2,89.16 2 0
woman-center-be/internal/app/v1/services/counseling_schedule_service.go:93.2,93.12 1 0
woman-center-be/internal/app/v1/services/counseling_schedule_service.go:84.29,86.3 1 0
woman-center-be/internal/app/v1/services/counseling_schedule_service.go:89.16,91.3 1 0
woman-center-be/internal/app/v1/services/counseling_schedule_service.go:96.158,98.16 2 0
woman-center-be/internal/app/v1/services/counseling_schedule_service.go:102.2,104.18 3 0
woman-center-be/internal/app/v1/services/counseling_schedule_service.go:108.2,109.20 2 0
woman-center-be/internal/app/v1/services/counseling_schedule_service.go:113.2,114.25 2 0
woman-center-be/internal/app/v1/services/counseling_schedule_service.go:118.2,120.38 2 0
woman-center-be/internal/app/v1/services/counseling_schedule_service.go:124.2,126.29 2 0
woman-center-be/internal/app/v1/services/counseling_schedule_service.go:154.2,157.16 3 0
woman-center-be/internal/app/v1/services/counseling_schedule_service.go:161.2,161.17 1 0
woman-center-be/internal/app/v1/services/counseling_schedule_service.go:98.16,100.3 1 0
woman-center-be/internal/app/v1/services/counseling_schedule_service.go:104.18,106.3 1 0
woman-center-be/internal/app/v1/services/counseling_schedule_service.go:109.20,111.3 1 0
woman-center-be/internal/app/v1/services/counseling_schedule_service.go:114.25,116.3 1 0
woman-center-be/internal/app/v1/services/counseling_schedule_service.go:120.38,122.3 1 0
woman-center-be/internal/app/v1/services/counseling_schedule_service.go:126.29,129.22 2 0
woman-center-be/internal/app/v1/services/counseling_schedule_service.go:133.3,133.53 1 0
woman-center-be/internal/app/v1/services/counseling_schedule_service.go:129.22,131.4 1 0
woman-center-be/internal/app/v1/services/counseling_schedule_service.go:133.53,134.158 1 0
woman-center-be/internal/app/v1/services/counseling_schedule_service.go:137.4,137.160 1 0
woman-center-be/internal/app/v1/services/counseling_schedule_service.go:140.4,140.159 1 0
woman-center-be/internal/app/v1/services/counseling_schedule_service.go:143.4,143.76 1 0
woman-center-be/internal/app/v1/services/counseling_schedule_service.go:146.4,146.78 1 0
woman-center-be/internal/app/v1/services/counseling_schedule_service.go:134.158,136.5 1 0
woman-center-be/internal/app/v1/services/counseling_schedule_service.go:137.160,139.5 1 0
woman-center-be/internal/app/v1/services/counseling_schedule_service.go:140.159,142.5 1 0
woman-center-be/internal/app/v1/services/counseling_schedule_service.go:143.76,145.5 1 0
woman-center-be/internal/app/v1/services/counseling_schedule_service.go:146.78,148.5 1 0
woman-center-be/internal/app/v1/services/counseling_schedule_service.go:149.9,150.12 1 0
woman-center-be/internal/app/v1/services/counseling_schedule_service.go:157.16,159.3 1 0
woman-center-be/internal/app/v1/services/otp_service.go:22.65,24.2 1 0
woman-center-be/internal/app/v1/services/otp_service.go:26.98,30.22 2 0
woman-center-be/internal/app/v1/services/otp_service.go:34.2,44.25 4 0
woman-center-be/internal/app/v1/services/otp_service.go:48.2,56.28 3 0
woman-center-be/internal/app/v1/services/otp_service.go:61.2,61.12 1 0
woman-center-be/internal/app/v1/services/otp_service.go:30.22,32.3 1 0
woman-center-be/internal/app/v1/services/otp_service.go:44.25,46.3 1 0
woman-center-be/internal/app/v1/services/otp_service.go:56.28,59.3 2 0
woman-center-be/internal/app/v1/services/otp_service.go:65.83,69.22 2 0
woman-center-be/internal/app/v1/services/otp_service.go:73.2,75.15 2 0
woman-center-be/internal/app/v1/services/otp_service.go:80.2,82.25 2 0
woman-center-be/internal/app/v1/services/otp_service.go:86.2,86.12 1 0
woman-center-be/internal/app/v1/services/otp_service.go:69.22,71.3 1 0
woman-center-be/internal/app/v1/services/otp_service.go:75.15,78.3 2 0
woman-center-be/internal/app/v1/services/otp_service.go:82.25,84.3 1 0
woman-center-be/internal/app/v1/services/specialist_service.go:27.126,32.2 1 0
woman-center-be/internal/app/v1/services/specialist_service.go:34.170,36.16 2 0
woman-center-be/internal/app/v1/services/specialist_service.go:41.2,42.24 2 0
woman-center-be/internal/app/v1/services/specialist_service.go:46.2,50.16 3 0
woman-center-be/internal/app/v1/services/specialist_service.go:54.2,54.36 1 0
woman-center-be/internal/app/v1/services/specialist_service.go:36.16,38.3 1 0
woman-center-be/internal/app/v1/services/specialist_service.go:42.24,44.3 1 0
woman-center-be/internal/app/v1/services/specialist_service.go:50.16,52.3 1 0
woman-center-be/internal/app/v1/services/specialist_service.go:57.104,60.16 2 0
woman-center-be/internal/app/v1/services/specialist_service.go:64.2,64.20 1 0
woman-center-be/internal/app/v1/services/specialist_service.go:60.16,62.3 1 0
woman-center-be/internal/app/v1/services/specialist_service.go:67.92,69.31 2 0
woman-center-be/internal/app/v1/services/specialist_service.go:73.2,74.16 2 0
woman-center-be/internal/app/v1/services/specialist_service.go:78.2,78.12 1 0
woman-center-be/internal/app/v1/services/specialist_service.go:69.31,71.3 1 0
woman-center-be/internal/app/v1/services/specialist_service.go:74.16,76.3 1 0
woman-center-be/internal/app/v1/services/counseling_session_service.go:24.107,26.2 1 0
woman-center-be/internal/app/v1/services/counseling_session_service.go:28.143,34.23 3 0
woman-center-be/internal/app/v1/services/counseling_session_service.go:38.2,40.32 2 0
woman-center-be/internal/app/v1/services/counseling_session_service.go:44.2,46.29 2 0
woman-center-be/internal/app/v1/services/counseling_session_service.go:50.2,52.23 2 0
woman-center-be/internal/app/v1/services/counseling_session_service.go:34.23,36.3 1 0
woman-center-be/internal/app/v1/services/counseling_session_service.go:40.32,42.3 1 0
woman-center-be/internal/app/v1/services/counseling_session_service.go:46.29,48.3 1 0
woman-center-be/internal/app/v1/services/counseling_session_service.go:56.139,60.32 2 0
woman-center-be/internal/app/v1/services/counseling_session_service.go:64.2,66.26 2 0
woman-center-be/internal/app/v1/services/counseling_session_service.go:70.2,72.41 2 0
woman-center-be/internal/app/v1/services/counseling_session_service.go:60.32,62.3 1 0
woman-center-be/internal/app/v1/services/counseling_session_service.go:66.26,68.3 1 0
woman-center-be/internal/app/v1/services/counselor_service.go:45.86,47.2 1 1
woman-center-be/internal/app/v1/services/counselor_service.go:49.102,55.22 4 0
woman-center-be/internal/app/v1/services/counselor_service.go:59.2,60.16 2 0
woman-center-be/internal/app/v1/services/counselor_service.go:64.2,64.24 1 0
woman-center-be/internal/app/v1/services/counselor_service.go:55.22,57.3 1 0
woman-center-be/internal/app/v1/services/counselor_service.go:60.16,62.3 1 0
woman-center-be/internal/app/v1/services/counselor_service.go:67.172,71.56 3 0
woman-center-be/internal/app/v1/services/counselor_service.go:75.2,77.28 2 0
woman-center-be/internal/app/v1/services/counselor_service.go:82.2,82.51 1 0
woman-center-be/internal/app/v1/services/counselor_service.go:102.2,102.26 1 0
woman-center-be/internal/app/v1/services/counselor_service.go:106.2,108.31 2 0
woman-center-be/internal/app/v1/services/counselor_service.go:113.2,113.17 1 0
woman-center-be/internal/app/v1/services/counselor_service.go:71.56,73.3 1 0
woman-center-be/internal/app/v1/services/counselor_service.go:77.28,80.3 2 0
woman-center-be/internal/app/v1/services/counselor_service.go:82.51,84.35 1 0
woman-center-be/internal/app/v1/services/counselor_service.go:84.35,86.39 1 0
woman-center-be/internal/app/v1/services/counselor_service.go:86.39,90.33 2 0
woman-center-be/internal/app/v1/services/counselor_service.go:95.5,95.53 1 0
woman-center-be/internal/app/v1/services/counselor_service.go:90.33,93.6 2 0
woman-center-be/internal/app/v1/services/counselor_service.go:102.26,104.3 1 0
woman-center-be/internal/app/v1/services/counselor_service.go:108.31,111.3 2 0
woman-center-be/internal/app/v1/services/counselor_service.go:116.169,118.16 2 1
woman-center-be/internal/app/v1/services/counselor_service.go:122.2,123.30 2 1
woman-center-be/internal/app/v1/services/counselor_service.go:127.2,128.24 2 1
woman-center-be/internal/app/v1/services/counselor_service.go:132.2,139.16 5 1
woman-center-be/internal/app/v1/services/counselor_service.go:143.2,143.25 1 1
woman-center-be/internal/app/v1/services/counselor_service.go:118.16,120.3 1 1
woman-center-be/internal/app/v1/services/counselor_service.go:123.30,125.3 1 1
woman-center-be/internal/app/v1/services/counselor_service.go:128.24,130.3 1 1
woman-center-be/internal/app/v1/services/counselor_service.go:139.16,141.3 1 1
woman-center-be/internal/app/v1/services/counselor_service.go:146.161,148.42 2 0
woman-center-be/internal/app/v1/services/counselor_service.go:152.2,153.25 2 0
woman-center-be/internal/app/v1/services/counselor_service.go:157.2,157.34 1 0
woman-center-be/internal/app/v1/services/counselor_service.go:169.2,169.17 1 0
woman-center-be/internal/app/v1/services/counselor_service.go:148.42,150.3 1 0
woman-center-be/internal/app/v1/services/counselor_service.go:153.25,155.3 1 0
woman-center-be/internal/app/v1/services/counselor_service.go:157.34,159.31 2 0
woman-center-be/internal/app/v1/services/counselor_service.go:159.31,161.21 2 0
woman-center-be/internal/app/v1/services/counselor_service.go:161.21,163.5 1 0
woman-center-be/internal/app/v1/services/counselor_service.go:164.9,167.4 2 0
woman-center-be/internal/app/v1/services/counselor_service.go:172.104,176.16 3 0
woman-center-be/internal/app/v1/services/counselor_service.go:179.2,179.23 1 0
woman-center-be/internal/app/v1/services/counselor_service.go:176.16,178.3 1 0
woman-center-be/internal/app/v1/services/counselor_service.go:182.211,183.20 1 0
woman-center-be/internal/app/v1/services/counselor_service.go:193.2,194.16 2 0
woman-center-be/internal/app/v1/services/counselor_service.go:198.2,202.20 4 0
woman-center-be/internal/app/v1/services/counselor_service.go:205.2,213.22 6 0
woman-center-be/internal/app/v1/services/counselor_service.go:217.2,217.22 1 0
woman-center-be/internal/app/v1/services/counselor_service.go:183.20,186.23 2 0
woman-center-be/internal/app/v1/services/counselor_service.go:190.3,190.37 1 0
woman-center-be/internal/app/v1/services/counselor_service.go:186.23,188.4 1 0
woman-center-be/internal/app/v1/services/counselor_service.go:194.16,196.3 1 0
woman-center-be/internal/app/v1/services/counselor_service.go:202.20,204.3 1 0
woman-center-be/internal/app/v1/services/counselor_service.go:213.22,215.3 1 0
woman-center-be/internal/app/v1/services/counselor_service.go:220.229,221.20 1 0
woman-center-be/internal/app/v1/services/counselor_service.go:231.2,232.16 2 0
woman-center-be/internal/app/v1/services/counselor_service.go:236.2,237.16 2 0
woman-center-be/internal/app/v1/services/counselor_service.go:241.2,246.22 4 0
woman-center-be/internal/app/v1/services/counselor_service.go:250.2,250.22 1 0
woman-center-be/internal/app/v1/services/counselor_service.go:221.20,224.23 2 0
woman-center-be/internal/app/v1/services/counselor_service.go:228.3,228.37 1 0
woman-center-be/internal/app/v1/services/counselor_service.go:224.23,226.4 1 0
woman-center-be/internal/app/v1/services/counselor_service.go:232.16,234.3 1 0
woman-center-be/internal/app/v1/services/counselor_service.go:237.16,239.3 1 0
woman-center-be/internal/app/v1/services/counselor_service.go:246.22,248.3 1 0
woman-center-be/internal/app/v1/services/counselor_service.go:253.108,259.22 4 0
woman-center-be/internal/app/v1/services/counselor_service.go:263.2,264.16 2 0
woman-center-be/internal/app/v1/services/counselor_service.go:268.2,268.24 1 0
woman-center-be/internal/app/v1/services/counselor_service.go:259.22,261.3 1 0
woman-center-be/internal/app/v1/services/counselor_service.go:264.16,266.3 1 0
woman-center-be/internal/app/v1/services/counselor_service.go:271.111,276.25 4 0
woman-center-be/internal/app/v1/services/counselor_service.go:280.2,282.27 2 0
woman-center-be/internal/app/v1/services/counselor_service.go:286.2,288.32 2 0
woman-center-be/internal/app/v1/services/counselor_service.go:276.25,278.3 1 0
woman-center-be/internal/app/v1/services/counselor_service.go:282.27,284.3 1 0
woman-center-be/internal/app/v1/services/counselor_service.go:291.115,297.25 4 0
woman-center-be/internal/app/v1/services/counselor_service.go:301.2,303.32 2 0
woman-center-be/internal/app/v1/services/counselor_service.go:297.25,299.3 1 0
woman-center-be/internal/app/v1/services/event_service.go:32.70,34.2 1 0
woman-center-be/internal/app/v1/services/event_service.go:36.180,39.28 2 0
woman-center-be/internal/app/v1/services/event_service.go:43.2,45.16 3 0
woman-center-be/internal/app/v1/services/event_service.go:49.2,53.16 3 0
woman-center-be/internal/app/v1/services/event_service.go:57.2,57.30 1 0
woman-center-be/internal/app/v1/services/event_service.go:39.28,41.3 1 0
woman-center-be/internal/app/v1/services/event_service.go:45.16,47.3 1 0
woman-center-be/internal/app/v1/services/event_service.go:53.16,55.3 1 0
woman-center-be/internal/app/v1/services/event_service.go:60.98,63.16 2 0
woman-center-be/internal/app/v1/services/event_service.go:67.2,67.19 1 0
woman-center-be/internal/app/v1/services/event_service.go:63.16,65.3 1 0
woman-center-be/internal/app/v1/services/event_service.go:70.88,73.16 2 0
woman-center-be/internal/app/v1/services/event_service.go:77.2,77.20 1 0
woman-center-be/internal/app/v1/services/event_service.go:73.16,75.3 1 0
woman-center-be/internal/app/v1/services/event_service.go:80.94,83.16 2 0
woman-center-be/internal/app/v1/services/event_service.go:87.2,87.20 1 0
woman-center-be/internal/app/v1/services/event_service.go:83.16,85.3 1 0
woman-center-be/internal/app/v1/services/event_service.go:90.165,92.19 1 0
woman-center-be/internal/app/v1/services/event_service.go:103.2,104.16 2 0
woman-center-be/internal/app/v1/services/event_service.go:108.2,112.16 4 0
woman-center-be/internal/app/v1/services/event_service.go:117.2,120.16 3 0
woman-center-be/internal/app/v1/services/event_service.go:124.2,124.17 1 0
woman-center-be/internal/app/v1/services/event_service.go:92.19,96.29 2 0
woman-center-be/internal/app/v1/services/event_service.go:100.3,100.35 1 0
woman-center-be/internal/app/v1/services/event_service.go:96.29,98.4 1 0
woman-center-be/internal/app/v1/services/event_service.go:104.16,106.3 1 0
woman-center-be/internal/app/v1/services/event_service.go:112.16,115.3 1 0
woman-center-be/internal/app/v1/services/event_service.go:120.16,122.3 1 0
woman-center-be/internal/app/v1/services/job_type_service.go:26.114,31.2 1 0
woman-center-be/internal/app/v1/services/job_type_service.go:33.159,35.16 2 0
woman-center-be/internal/app/v1/services/job_type_service.go:39.2,40.26 2 0
woman-center-be/internal/app/v1/services/job_type_service.go:44.2,48.16 3 0
woman-center-be/internal/app/v1/services/job_type_service.go:52.2,52.32 1 0
woman-center-be/internal/app/v1/services/job_type_service.go:35.16,37.3 1 0
woman-center-be/internal/app/v1/services/job_type_service.go:40.26,42.3 1 0
woman-center-be/internal/app/v1/services/job_type_service.go:48.16,50.3 1 0
woman-center-be/internal/app/v1/services/job_type_service.go:55.92,58.16 2 0
woman-center-be/internal/app/v1/services/job_type_service.go:62.2,62.20 1 0
woman-center-be/internal/app/v1/services/job_type_service.go:58.16,60.3 1 0
woman-center-be/internal/app/v1/services/users_service.go:46.66,48.2 1 1
woman-center-be/internal/app/v1/services/users_service.go:50.86,54.23 2 0
woman-center-be/internal/app/v1/services/users_service.go:58.2,60.23 2 0
woman-center-be/internal/app/v1/services/users_service.go:54.23,56.3 1 0
woman-center-be/internal/app/v1/services/users_service.go:63.79,67.23 2 1
woman-center-be/internal/app/v1/services/users_service.go:71.2,73.22 2 1
woman-center-be/internal/app/v1/services/users_service.go:67.23,69.3 1 1
woman-center-be/internal/app/v1/services/users_service.go:76.149,78.16 2 1
woman-center-be/internal/app/v1/services/users_service.go:82.2,83.25 2 1
woman-center-be/internal/app/v1/services/users_service.go:87.2,88.24 2 1
woman-center-be/internal/app/v1/services/users_service.go:92.2,99.16 5 1
woman-center-be/internal/app/v1/services/users_service.go:103.2,103.25 1 1
woman-center-be/internal/app/v1/services/users_service.go:78.16,80.3 1 1
woman-center-be/internal/app/v1/services/users_service.go:83.25,85.3 1 1
woman-center-be/internal/app/v1/services/users_service.go:88.24,90.3 1 1
woman-center-be/internal/app/v1/services/users_service.go:99.16,101.3 1 1
woman-center-be/internal/app/v1/services/users_service.go:106.83,110.16 3 0
woman-center-be/internal/app/v1/services/users_service.go:113.2,113.18 1 0
woman-center-be/internal/app/v1/services/users_service.go:110.16,112.3 1 0
woman-center-be/internal/app/v1/services/users_service.go:116.191,118.20 1 0
woman-center-be/internal/app/v1/services/users_service.go:128.2,131.18 3 0
woman-center-be/internal/app/v1/services/users_service.go:135.2,136.16 2 0
woman-center-be/internal/app/v1/services/users_service.go:140.2,141.16 2 0
woman-center-be/internal/app/v1/services/users_service.go:145.2,150.16 4 0
woman-center-be/internal/app/v1/services/users_service.go:154.2,154.30 1 0
woman-center-be/internal/app/v1/services/users_service.go:118.20,121.23 2 0
woman-center-be/internal/app/v1/services/users_service.go:125.3,125.37 1 0
woman-center-be/internal/app/v1/services/users_service.go:121.23,123.4 1 0
woman-center-be/internal/app/v1/services/users_service.go:131.18,133.3 1 0
woman-center-be/internal/app/v1/services/users_service.go:136.16,138.3 1 0
woman-center-be/internal/app/v1/services/users_service.go:141.16,143.3 1 0
woman-center-be/internal/app/v1/services/users_service.go:150.16,152.3 1 0
woman-center-be/internal/app/v1/services/users_service.go:157.198,159.20 1 0
woman-center-be/internal/app/v1/services/users_service.go:169.2,170.16 2 0
woman-center-be/internal/app/v1/services/users_service.go:174.2,175.16 2 0
woman-center-be/internal/app/v1/services/users_service.go:179.2,184.16 4 0
woman-center-be/internal/app/v1/services/users_service.go:188.2,188.30 1 0
woman-center-be/internal/app/v1/services/users_service.go:159.20,162.23 2 0
woman-center-be/internal/app/v1/services/users_service.go:166.3,166.37 1 0
woman-center-be/internal/app/v1/services/users_service.go:162.23,164.4 1 0
woman-center-be/internal/app/v1/services/users_service.go:170.16,172.3 1 0
woman-center-be/internal/app/v1/services/users_service.go:175.16,177.3 1 0
woman-center-be/internal/app/v1/services/users_service.go:184.16,186.3 1 0
woman-center-be/internal/app/v1/services/users_service.go:191.89,195.20 3 0
woman-center-be/internal/app/v1/services/users_service.go:199.2,200.23 2 0
woman-center-be/internal/app/v1/services/users_service.go:204.2,205.27 2 0
woman-center-be/internal/app/v1/services/users_service.go:209.2,209.12 1 0
woman-center-be/internal/app/v1/services/users_service.go:195.20,197.3 1 0
woman-center-be/internal/app/v1/services/users_service.go:200.23,202.3 1 0
woman-center-be/internal/app/v1/services/users_service.go:205.27,207.3 1 0
woman-center-be/internal/app/v1/services/users_service.go:212.86,216.20 3 0
woman-center-be/internal/app/v1/services/users_service.go:220.2,221.28 2 0
woman-center-be/internal/app/v1/services/users_service.go:225.2,226.28 2 0
woman-center-be/internal/app/v1/services/users_service.go:230.2,230.12 1 0
woman-center-be/internal/app/v1/services/users_service.go:216.20,218.3 1 0
woman-center-be/internal/app/v1/services/users_service.go:221.28,223.3 1 0
woman-center-be/internal/app/v1/services/users_service.go:226.28,228.3 1 0
woman-center-be/internal/app/v1/services/users_service.go:233.92,237.16 3 0
woman-center-be/internal/app/v1/services/users_service.go:241.2,242.16 2 0
woman-center-be/internal/app/v1/services/users_service.go:251.2,251.12 1 0
woman-center-be/internal/app/v1/services/users_service.go:237.16,239.3 1 0
woman-center-be/internal/app/v1/services/users_service.go:242.16,244.3 1 0
woman-center-be/internal/app/v1/services/users_service.go:244.8,246.25 2 0
woman-center-be/internal/app/v1/services/users_service.go:246.25,248.4 1 0
woman-center-be/internal/app/v1/services/users_service.go:254.93,258.16 3 0
woman-center-be/internal/app/v1/services/users_service.go:262.2,262.18 1 0
woman-center-be/internal/app/v1/services/users_service.go:258.16,260.3 1 0
woman-center-be/internal/app/v1/services/users_service.go:265.123,269.20 3 0
woman-center-be/internal/app/v1/services/users_service.go:273.2,274.28 2 0
woman-center-be/internal/app/v1/services/users_service.go:279.2,280.34 2 0
woman-center-be/internal/app/v1/services/users_service.go:285.2,285.17 1 0
woman-center-be/internal/app/v1/services/users_service.go:269.20,271.3 1 0
woman-center-be/internal/app/v1/services/users_service.go:274.28,277.3 2 0
woman-center-be/internal/app/v1/services/users_service.go:280.34,283.3 2 0
woman-center-be/internal/app/v1/services/users_service.go:288.95,292.16 3 0
woman-center-be/internal/app/v1/services/users_service.go:296.2,296.18 1 0
woman-center-be/internal/app/v1/services/users_service.go:292.16,294.3 1 0
woman-center-be/internal/app/v1/services/article_service.go:49.78,51.2 1 0
woman-center-be/internal/app/v1/services/article_service.go:53.118,55.16 2 0
woman-center-be/internal/app/v1/services/article_service.go:59.2,59.20 1 0
woman-center-be/internal/app/v1/services/article_service.go:55.16,57.3 1 0
woman-center-be/internal/app/v1/services/article_service.go:62.122,68.25 3 0
woman-center-be/internal/app/v1/services/article_service.go:72.2,74.27 2 0
woman-center-be/internal/app/v1/services/article_service.go:78.2,80.27 2 0
woman-center-be/internal/app/v1/services/article_service.go:68.25,70.3 1 0
woman-center-be/internal/app/v1/services/article_service.go:74.27,76.3 1 0
woman-center-be/internal/app/v1/services/article_service.go:84.159,89.30 3 0
woman-center-be/internal/app/v1/services/article_service.go:93.2,95.26 2 0
woman-center-be/internal/app/v1/services/article_service.go:100.2,100.42 1 0
woman-center-be/internal/app/v1/services/article_service.go:123.2,123.23 1 0
woman-center-be/internal/app/v1/services/article_service.go:127.2,129.29 2 0
woman-center-be/internal/app/v1/services/article_service.go:134.2,134.17 1 0
woman-center-be/internal/app/v1/services/article_service.go:89.30,91.3 1 0
woman-center-be/internal/app/v1/services/article_service.go:95.26,98.3 2 0
woman-center-be/internal/app/v1/services/article_service.go:100.42,102.35 1 0
woman-center-be/internal/app/v1/services/article_service.go:102.35,104.39 1 0
woman-center-be/internal/app/v1/services/article_service.go:104.39,108.26 2 0
woman-center-be/internal/app/v1/services/article_service.go:113.5,113.40 1 0
woman-center-be/internal/app/v1/services/article_service.go:108.26,111.6 2 0
woman-center-be/internal/app/v1/services/article_service.go:115.10,116.13 1 0
woman-center-be/internal/app/v1/services/article_service.go:123.23,125.3 1 0
woman-center-be/internal/app/v1/services/article_service.go:129.29,132.3 2 0
woman-center-be/internal/app/v1/services/article_service.go:138.175,143.30 3 0
woman-center-be/internal/app/v1/services/article_service.go:147.2,148.26 2 0
woman-center-be/internal/app/v1/services/article_service.go:152.2,155.35 3 0
woman-center-be/internal/app/v1/services/article_service.go:158.2,159.47 2 0
woman-center-be/internal/app/v1/services/article_service.go:178.2,178.23 1 0
woman-center-be/internal/app/v1/services/article_service.go:182.2,183.29 2 0
woman-center-be/internal/app/v1/services/article_service.go:187.2,187.17 1 0
woman-center-be/internal/app/v1/services/article_service.go:143.30,145.3 1 0
woman-center-be/internal/app/v1/services/article_service.go:148.26,150.3 1 0
woman-center-be/internal/app/v1/services/article_service.go:155.35,157.3 1 0
woman-center-be/internal/app/v1/services/article_service.go:159.47,161.35 1 0
woman-center-be/internal/app/v1/services/article_service.go:161.35,163.39 1 0
woman-center-be/internal/app/v1/services/article_service.go:163.39,167.26 2 0
woman-center-be/internal/app/v1/services/article_service.go:171.5,171.40 1 0
woman-center-be/internal/app/v1/services/article_service.go:167.26,169.6 1 0
woman-center-be/internal/app/v1/services/article_service.go:173.10,174.13 1 0
woman-center-be/internal/app/v1/services/article_service.go:178.23,180.3 1 0
woman-center-be/internal/app/v1/services/article_service.go:183.29,185.3 1 0
woman-center-be/internal/app/v1/services/article_service.go:190.91,194.16 2 0
woman-center-be/internal/app/v1/services/article_service.go:198.2,200.26 2 0
woman-center-be/internal/app/v1/services/article_service.go:194.16,196.3 1 0
woman-center-be/internal/app/v1/services/article_service.go:203.94,207.16 2 0
woman-center-be/internal/app/v1/services/article_service.go:211.2,213.23 2 0
woman-center-be/internal/app/v1/services/article_service.go:207.16,209.3 1 0
woman-center-be/internal/app/v1/services/article_service.go:217.192,219.16 2 0
woman-center-be/internal/app/v1/services/article_service.go:223.2,224.26 2 0
woman-center-be/internal/app/v1/services/article_service.go:228.2,230.60 2 0
woman-center-be/internal/app/v1/services/article_service.go:246.2,248.31 2 0
woman-center-be/internal/app/v1/services/article_service.go:252.2,257.16 4 0
woman-center-be/internal/app/v1/services/article_service.go:261.2,261.25 1 0
woman-center-be/internal/app/v1/services/article_service.go:219.16,221.3 1 0
woman-center-be/internal/app/v1/services/article_service.go:224.26,226.3 1 0
woman-center-be/internal/app/v1/services/article_service.go:230.60,232.17 2 0
woman-center-be/internal/app/v1/services/article_service.go:236.3,236.31 1 0
woman-center-be/internal/app/v1/services/article_service.go:232.17,234.4 1 0
woman-center-be/internal/app/v1/services/article_service.go:237.8,237.39 1 0
woman-center-be/internal/app/v1/services/article_service.go:237.39,239.17 2 0
woman-center-be/internal/app/v1/services/article_service.go:243.3,243.40 1 0
woman-center-be/internal/app/v1/services/article_service.go:239.17,241.4 1 0
woman-center-be/internal/app/v1/services/article_service.go:248.31,250.3 1 0
woman-center-be/internal/app/v1/services/article_service.go:257.16,259.3 1 0
woman-center-be/internal/app/v1/services/article_service.go:264.115,280.16 9 0
woman-center-be/internal/app/v1/services/article_service.go:284.2,284.30 1 0
woman-center-be/internal/app/v1/services/article_service.go:280.16,282.3 1 0
woman-center-be/internal/app/v1/services/article_service.go:287.74,291.16 4 0
woman-center-be/internal/app/v1/services/article_service.go:295.2,295.12 1 0
woman-center-be/internal/app/v1/services/article_service.go:291.16,293.3 1 0
woman-center-be/internal/app/v1/services/article_service.go:298.150,301.16 2 0
woman-center-be/internal/app/v1/services/article_service.go:305.2,308.16 3 0
woman-center-be/internal/app/v1/services/article_service.go:312.2,312.36 1 0
woman-center-be/internal/app/v1/services/article_service.go:316.2,316.35 1 0
woman-center-be/internal/app/v1/services/article_service.go:320.2,322.34 2 0
woman-center-be/internal/app/v1/services/article_service.go:328.2,328.28 1 0
woman-center-be/internal/app/v1/services/article_service.go:332.2,332.17 1 0
woman-center-be/internal/app/v1/services/article_service.go:301.16,303.3 1 0
woman-center-be/internal/app/v1/services/article_service.go:308.16,311.3 1 0
woman-center-be/internal/app/v1/services/article_service.go:312.36,314.3 1 0
woman-center-be/internal/app/v1/services/article_service.go:316.35,318.3 1 0
woman-center-be/internal/app/v1/services/article_service.go:322.34,324.3 1 0
woman-center-be/internal/app/v1/services/article_service.go:324.8,326.3 1 0
woman-center-be/internal/app/v1/services/article_service.go:328.28,330.3 1 0
woman-center-be/internal/app/v1/services/article_service.go:335.155,338.16 2 0
woman-center-be/internal/app/v1/services/article_service.go:342.2,343.23 2 0
woman-center-be/internal/app/v1/services/article_service.go:347.2,348.19 2 0
woman-center-be/internal/app/v1/services/article_service.go:352.2,353.22 2 0
woman-center-be/internal/app/v1/services/article_service.go:357.2,357.17 1 0
woman-center-be/internal/app/v1/services/article_service.go:338.16,340.3 1 0
woman-center-be/internal/app/v1/services/article_service.go:343.23,345.3 1 0
woman-center-be/internal/app/v1/services/article_service.go:348.19,350.3 1 0
woman-center-be/internal/app/v1/services/article_service.go:353.22,355.3 1 0
woman-center-be/internal/app/v1/services/article_service.go:360.171,363.16 2 0
woman-center-be/internal/app/v1/services/article_service.go:367.2,370.23 3 0
woman-center-be/internal/app/v1/services/article_service.go:374.2,375.23 2 0
woman-center-be/internal/app/v1/services/article_service.go:379.2,380.19 2 0
woman-center-be/internal/app/v1/services/article_service.go:384.2,385.22 2 0
woman-center-be/internal/app/v1/services/article_service.go:389.2,389.17 1 0
woman-center-be/internal/app/v1/services/article_service.go:363.16,365.3 1 0
woman-center-be/internal/app/v1/services/article_service.go:370.23,372.3 1 0
woman-center-be/internal/app/v1/services/article_service.go:375.23,377.3 1 0
woman-center-be/internal/app/v1/services/article_service.go:380.19,382.3 1 0
woman-center-be/internal/app/v1/services/article_service.go:385.22,387.3 1 0
woman-center-be/internal/app/v1/services/article_service.go:392.111,394.16 2 0
woman-center-be/internal/app/v1/services/article_service.go:398.2,398.20 1 0
woman-center-be/internal/app/v1/services/article_service.go:394.16,396.3 1 0
woman-center-be/internal/app/v1/services/article_service.go:401.174,403.16 2 0
woman-center-be/internal/app/v1/services/article_service.go:407.2,409.18 3 0
woman-center-be/internal/app/v1/services/article_service.go:413.2,414.16 2 0
woman-center-be/internal/app/v1/services/article_service.go:418.2,418.22 1 0
woman-center-be/internal/app/v1/services/article_service.go:428.2,431.16 3 0
woman-center-be/internal/app/v1/services/article_service.go:435.2,435.17 1 0
woman-center-be/internal/app/v1/services/article_service.go:403.16,405.3 1 0
woman-center-be/internal/app/v1/services/article_service.go:409.18,411.3 1 0
woman-center-be/internal/app/v1/services/article_service.go:414.16,417.3 1 0
woman-center-be/internal/app/v1/services/article_service.go:418.22,422.32 2 0
woman-center-be/internal/app/v1/services/article_service.go:426.3,426.41 1 0
woman-center-be/internal/app/v1/services/article_service.go:422.32,424.4 1 0
woman-center-be/internal/app/v1/services/article_service.go:431.16,433.3 1 0
woman-center-be/internal/app/v1/services/article_service.go:438.83,444.18 4 0
woman-center-be/internal/app/v1/services/article_service.go:448.2,449.16 2 0
woman-center-be/internal/app/v1/services/article_service.go:453.2,454.16 2 0
woman-center-be/internal/app/v1/services/article_service.go:458.2,458.12 1 0
woman-center-be/internal/app/v1/services/article_service.go:444.18,446.3 1 0
woman-center-be/internal/app/v1/services/article_service.go:449.16,451.3 1 0
woman-center-be/internal/app/v1/services/article_service.go:454.16,456.3 1 0
woman-center-be/internal/app/v1/services/auth_service.go:36.66,38.2 1 0
woman-center-be/internal/app/v1/services/auth_service.go:40.168,44.26 2 0
woman-center-be/internal/app/v1/services/auth_service.go:48.2,50.26 2 0
woman-center-be/internal/app/v1/services/auth_service.go:54.2,56.31 2 0
woman-center-be/internal/app/v1/services/auth_service.go:60.2,64.21 3 0
woman-center-be/internal/app/v1/services/auth_service.go:68.2,70.34 2 0
woman-center-be/internal/app/v1/services/auth_service.go:44.26,46.3 1 0
woman-center-be/internal/app/v1/services/auth_service.go:50.26,52.3 1 0
woman-center-be/internal/app/v1/services/auth_service.go:56.31,58.3 1 0
woman-center-be/internal/app/v1/services/auth_service.go:64.21,66.3 1 0
woman-center-be/internal/app/v1/services/auth_service.go:74.57,81.2 3 0
woman-center-be/internal/app/v1/services/auth_service.go:83.108,90.64 5 0
woman-center-be/internal/app/v1/services/auth_service.go:94.2,94.21 1 0
woman-center-be/internal/app/v1/services/auth_service.go:98.2,102.30 3 0
woman-center-be/internal/app/v1/services/auth_service.go:106.2,108.22 2 0
woman-center-be/internal/app/v1/services/auth_service.go:149.2,151.24 2 0
woman-center-be/internal/app/v1/services/auth_service.go:155.2,157.38 2 0
woman-center-be/internal/app/v1/services/auth_service.go:90.64,92.3 1 0
woman-center-be/internal/app/v1/services/auth_service.go:94.21,96.3 1 0
woman-center-be/internal/app/v1/services/auth_service.go:102.30,104.3 1 0
woman-center-be/internal/app/v1/services/auth_service.go:108.22,122.21 3 0
woman-center-be/internal/app/v1/services/auth_service.go:126.3,133.23 5 0
woman-center-be/internal/app/v1/services/auth_service.go:137.3,139.24 2 0
woman-center-be/internal/app/v1/services/auth_service.go:143.3,143.84 1 0
woman-center-be/internal/app/v1/services/auth_service.go:122.21,124.4 1 0
woman-center-be/internal/app/v1/services/auth_service.go:133.23,135.4 1 0
woman-center-be/internal/app/v1/services/auth_service.go:139.24,141.4 1 0
woman-center-be/internal/app/v1/services/auth_service.go:145.8,147.3 1 0
woman-center-be/internal/app/v1/services/auth_service.go:151.24,153.3 1 0
woman-center-be/internal/app/v1/services/auth_service.go:161.170,167.26 3 0
woman-center-be/internal/app/v1/services/auth_service.go:171.2,173.20 2 0
woman-center-be/internal/app/v1/services/auth_service.go:177.2,179.31 2 0
woman-center-be/internal/app/v1/services/auth_service.go:183.2,183.49 1 0
woman-center-be/internal/app/v1/services/auth_service.go:205.2,207.21 2 0
woman-center-be/internal/app/v1/services/auth_service.go:211.2,213.34 2 0
woman-center-be/internal/app/v1/services/auth_service.go:167.26,169.3 1 0
woman-center-be/internal/app/v1/services/auth_service.go:173.20,175.3 1 0
woman-center-be/internal/app/v1/services/auth_service.go:179.31,181.3 1 0
woman-center-be/internal/app/v1/services/auth_service.go:183.49,187.21 2 0
woman-center-be/internal/app/v1/services/auth_service.go:191.3,191.69 1 0
woman-center-be/internal/app/v1/services/auth_service.go:187.21,189.4 1 0
woman-center-be/internal/app/v1/services/auth_service.go:193.8,193.61 1 0
woman-center-be/internal/app/v1/services/auth_service.go:193.61,197.21 2 0
woman-center-be/internal/app/v1/services/auth_service.go:201.3,201.79 1 0
woman-center-be/internal/app/v1/services/auth_service.go:197.21,199.4 1 0
woman-center-be/internal/app/v1/services/auth_service.go:207.21,209.3 1 0
woman-center-be/internal/app/v1/services/payment_method_service.go:17.92,19.2 1 0
woman-center-be/internal/app/v1/services/payment_method_service.go:21.102,25.23 2 0
woman-center-be/internal/app/v1/services/payment_method_service.go:29.2,31.29 2 0
woman-center-be/internal/app/v1/services/payment_method_service.go:25.23,27.3 1 0
woman-center-be/internal/app/v1/services/recommended_ai_service.go:32.96,34.2 1 0
woman-center-be/internal/app/v1/services/recommended_ai_service.go:36.222,40.23 2 0
woman-center-be/internal/app/v1/services/recommended_ai_service.go:44.2,46.22 2 0
woman-center-be/internal/app/v1/services/recommended_ai_service.go:50.2,52.93 2 0
woman-center-be/internal/app/v1/services/recommended_ai_service.go:56.2,60.24 3 0
woman-center-be/internal/app/v1/services/recommended_ai_service.go:64.2,66.28 2 0
woman-center-be/internal/app/v1/services/recommended_ai_service.go:40.23,42.3 1 0
woman-center-be/internal/app/v1/services/recommended_ai_service.go:46.22,48.3 1 0
woman-center-be/internal/app/v1/services/recommended_ai_service.go:52.93,54.3 1 0
woman-center-be/internal/app/v1/services/recommended_ai_service.go:60.24,62.3 1 0
woman-center-be/internal/app/v1/services/recommended_ai_service.go:69.105,77.2 4 0
woman-center-be/internal/app/v1/services/recommended_ai_service.go:79.152,82.22 2 0
woman-center-be/internal/app/v1/services/recommended_ai_service.go:86.2,88.26 2 0
woman-center-be/internal/app/v1/services/recommended_ai_service.go:92.2,94.32 2 0
woman-center-be/internal/app/v1/services/recommended_ai_service.go:82.22,84.3 1 0
woman-center-be/internal/app/v1/services/recommended_ai_service.go:88.26,90.3 1 0
woman-center-be/internal/app/v1/services/tag_article_services.go:27.98,32.2 1 0
woman-center-be/internal/app/v1/services/tag_article_services.go:34.157,36.16 2 0
woman-center-be/internal/app/v1/services/tag_article_services.go:41.2,42.24 2 0
woman-center-be/internal/app/v1/services/tag_article_services.go:46.2,50.16 3 0
woman-center-be/internal/app/v1/services/tag_article_services.go:54.2,54.29 1 0
woman-center-be/internal/app/v1/services/tag_article_services.go:36.16,38.3 1 0
woman-center-be/internal/app/v1/services/tag_article_services.go:42.24,44.3 1 0
woman-center-be/internal/app/v1/services/tag_article_services.go:50.16,52.3 1 0
woman-center-be/internal/app/v1/services/tag_article_services.go:57.92,60.16 2 0
woman-center-be/internal/app/v1/services/tag_article_services.go:64.2,64.20 1 0
woman-center-be/internal/app/v1/services/tag_article_services.go:60.16,62.3 1 0
woman-center-be/internal/app/v1/services/tag_article_services.go:67.78,69.24 2 0
woman-center-be/internal/app/v1/services/tag_article_services.go:73.2,74.16 2 0
woman-center-be/internal/app/v1/services/tag_article_services.go:78.2,78.12 1 0
woman-center-be/internal/app/v1/services/tag_article_services.go:69.24,71.3 1 0
woman-center-be/internal/app/v1/services/tag_article_services.go:74.16,76.3 1 0
woman-center-be/internal/app/v1/services/transaction_payment_service.go:23.111,25.2 1 0
woman-center-be/internal/app/v1/services/transaction_payment_service.go:27.148,31.26 2 0
woman-center-be/internal/app/v1/services/transaction_payment_service.go:35.2,39.28 3 0
woman-center-be/internal/app/v1/services/transaction_payment_service.go:43.2,45.26 2 0
woman-center-be/internal/app/v1/services/transaction_payment_service.go:50.2,52.29 2 0
woman-center-be/internal/app/v1/services/transaction_payment_service.go:31.26,33.3 1 0
woman-center-be/internal/app/v1/services/transaction_payment_service.go:39.28,41.3 1 0
woman-center-be/internal/app/v1/services/transaction_payment_service.go:45.26,48.3 2 0
woman-center-be/internal/app/v1/services/admin_service.go:26.136,32.2 1 0
woman-center-be/internal/app/v1/services/admin_service.go:34.152,36.16 2 0
woman-center-be/internal/app/v1/services/admin_service.go:40.2,41.26 2 0
woman-center-be/internal/app/v1/services/admin_service.go:45.2,46.25 2 0
woman-center-be/internal/app/v1/services/admin_service.go:50.2,57.16 5 0
woman-center-be/internal/app/v1/services/admin_service.go:61.2,61.25 1 0
woman-center-be/internal/app/v1/services/admin_service.go:36.16,38.3 1 0
woman-center-be/internal/app/v1/services/admin_service.go:41.26,43.3 1 0
woman-center-be/internal/app/v1/services/admin_service.go:46.25,48.3 1 0
woman-center-be/internal/app/v1/services/admin_service.go:57.16,59.3 1 0
woman-center-be/internal/app/v1/services/booking_service.go:40.74,42.2 1 0
woman-center-be/internal/app/v1/services/booking_service.go:44.114,48.23 2 0
woman-center-be/internal/app/v1/services/booking_service.go:52.2,54.27 2 0
woman-center-be/internal/app/v1/services/booking_service.go:58.2,60.22 2 0
woman-center-be/internal/app/v1/services/booking_service.go:48.23,50.3 1 0
woman-center-be/internal/app/v1/services/booking_service.go:54.27,56.3 1 0
woman-center-be/internal/app/v1/services/booking_service.go:63.101,67.23 2 0
woman-center-be/internal/app/v1/services/booking_service.go:71.2,73.35 2 0
woman-center-be/internal/app/v1/services/booking_service.go:77.2,77.26 1 0
woman-center-be/internal/app/v1/services/booking_service.go:67.23,69.3 1 0
woman-center-be/internal/app/v1/services/booking_service.go:73.35,75.3 1 0
woman-center-be/internal/app/v1/services/booking_service.go:80.199,85.27 3 0
woman-center-be/internal/app/v1/services/booking_service.go:89.2,96.14 3 0
woman-center-be/internal/app/v1/services/booking_service.go:100.2,104.30 3 0
woman-center-be/internal/app/v1/services/booking_service.go:108.2,108.32 1 0
woman-center-be/internal/app/v1/services/booking_service.go:85.27,87.3 1 0
woman-center-be/internal/app/v1/services/booking_service.go:96.14,98.3 1 0
woman-center-be/internal/app/v1/services/booking_service.go:104.30,106.3 1 0
woman-center-be/internal/app/v1/services/booking_service.go:111.144,114.23 2 0
woman-center-be/internal/app/v1/services/booking_service.go:118.2,120.23 2 0
woman-center-be/internal/app/v1/services/booking_service.go:124.2,124.35 1 0
woman-center-be/internal/app/v1/services/booking_service.go:114.23,116.3 1 0
woman-center-be/internal/app/v1/services/booking_service.go:120.23,122.3 1 0
woman-center-be/internal/app/v1/services/booking_service.go:127.205,129.34 1 0
woman-center-be/internal/app/v1/services/booking_service.go:137.2,145.23 6 0
woman-center-be/internal/app/v1/services/booking_service.go:149.2,151.34 2 0
woman-center-be/internal/app/v1/services/booking_service.go:163.2,165.36 2 0
woman-center-be/internal/app/v1/services/booking_service.go:169.2,182.33 10 0
woman-center-be/internal/app/v1/services/booking_service.go:186.2,188.42 2 0
woman-center-be/internal/app/v1/services/booking_service.go:192.2,194.25 2 0
woman-center-be/internal/app/v1/services/booking_service.go:129.34,132.31 2 0
woman-center-be/internal/app/v1/services/booking_service.go:132.31,134.4 1 0
woman-center-be/internal/app/v1/services/booking_service.go:145.23,147.3 1 0
woman-center-be/internal/app/v1/services/booking_service.go:151.34,155.49 2 0
woman-center-be/internal/app/v1/services/booking_service.go:159.3,159.83 1 0
woman-center-be/internal/app/v1/services/booking_service.go:155.49,157.4 1 0
woman-center-be/internal/app/v1/services/booking_service.go:165.36,167.3 1 0
woman-center-be/internal/app/v1/services/booking_service.go:182.33,184.3 1 0
woman-center-be/internal/app/v1/services/booking_service.go:188.42,190.3 1 0
woman-center-be/internal/app/v1/services/career_service.go:40.74,42.2 1 0
woman-center-be/internal/app/v1/services/career_service.go:44.211,48.26 2 0
woman-center-be/internal/app/v1/services/career_service.go:52.2,56.27 3 0
woman-center-be/internal/app/v1/services/career_service.go:60.2,62.16 3 0
woman-center-be/internal/app/v1/services/career_service.go:66.2,70.16 3 0
woman-center-be/internal/app/v1/services/career_service.go:74.2,74.31 1 0
woman-center-be/internal/app/v1/services/career_service.go:48.26,50.3 1 0
woman-center-be/internal/app/v1/services/career_service.go:56.27,58.3 1 0
woman-center-be/internal/app/v1/services/career_service.go:62.16,64.3 1 0
woman-center-be/internal/app/v1/services/career_service.go:70.16,72.3 1 0
woman-center-be/internal/app/v1/services/career_service.go:77.92,83.19 3 0
woman-center-be/internal/app/v1/services/career_service.go:87.2,89.16 2 0
woman-center-be/internal/app/v1/services/career_service.go:94.2,94.20 1 0
woman-center-be/internal/app/v1/services/career_service.go:83.19,85.3 1 0
woman-center-be/internal/app/v1/services/career_service.go:89.16,92.3 2 0
woman-center-be/internal/app/v1/services/career_service.go:97.100,101.16 2 0
woman-center-be/internal/app/v1/services/career_service.go:105.2,105.26 1 0
woman-center-be/internal/app/v1/services/career_service.go:101.16,103.3 1 0
woman-center-be/internal/app/v1/services/career_service.go:108.151,111.16 2 0
woman-center-be/internal/app/v1/services/career_service.go:115.2,116.22 2 0
woman-center-be/internal/app/v1/services/career_service.go:120.2,121.23 2 0
woman-center-be/internal/app/v1/services/career_service.go:125.2,126.26 2 0
woman-center-be/internal/app/v1/services/career_service.go:129.2,129.17 1 0
woman-center-be/internal/app/v1/services/career_service.go:111.16,113.3 1 0
woman-center-be/internal/app/v1/services/career_service.go:116.22,118.3 1 0
woman-center-be/internal/app/v1/services/career_service.go:121.23,123.3 1 0
woman-center-be/internal/app/v1/services/career_service.go:126.26,128.3 1 0
woman-center-be/internal/app/v1/services/career_service.go:132.154,137.30 3 0
woman-center-be/internal/app/v1/services/career_service.go:141.2,143.25 2 0
woman-center-be/internal/app/v1/services/career_service.go:148.2,148.41 1 0
woman-center-be/internal/app/v1/services/career_service.go:170.2,170.27 1 0
woman-center-be/internal/app/v1/services/career_service.go:174.2,176.28 2 0
woman-center-be/internal/app/v1/services/career_service.go:181.2,181.17 1 0
woman-center-be/internal/app/v1/services/career_service.go:137.30,139.3 1 0
woman-center-be/internal/app/v1/services/career_service.go:143.25,146.3 2 0
woman-center-be/internal/app/v1/services/career_service.go:148.41,150.35 1 0
woman-center-be/internal/app/v1/services/career_service.go:150.35,152.39 1 0
woman-center-be/internal/app/v1/services/career_service.go:152.39,156.29 2 0
woman-center-be/internal/app/v1/services/career_service.go:162.5,162.51 1 0
woman-center-be/internal/app/v1/services/career_service.go:156.29,160.6 2 0
woman-center-be/internal/app/v1/services/career_service.go:164.10,165.13 1 0
woman-center-be/internal/app/v1/services/career_service.go:170.27,172.3 1 0
woman-center-be/internal/app/v1/services/career_service.go:176.28,179.3 2 0
woman-center-be/internal/app/v1/services/career_service.go:185.195,187.17 1 0
woman-center-be/internal/app/v1/services/career_service.go:197.2,197.18 1 0
woman-center-be/internal/app/v1/services/career_service.go:207.2,208.16 2 0
woman-center-be/internal/app/v1/services/career_service.go:212.2,217.22 4 0
woman-center-be/internal/app/v1/services/career_service.go:221.2,225.28 3 0
woman-center-be/internal/app/v1/services/career_service.go:229.2,229.17 1 0
woman-center-be/internal/app/v1/services/career_service.go:187.17,190.27 2 0
woman-center-be/internal/app/v1/services/career_service.go:194.3,194.31 1 0
woman-center-be/internal/app/v1/services/career_service.go:190.27,192.4 1 0
woman-center-be/internal/app/v1/services/career_service.go:197.18,200.28 2 0
woman-center-be/internal/app/v1/services/career_service.go:204.3,204.33 1 0
woman-center-be/internal/app/v1/services/career_service.go:200.28,202.4 1 0
woman-center-be/internal/app/v1/services/career_service.go:208.16,210.3 1 0
woman-center-be/internal/app/v1/services/career_service.go:217.22,219.3 1 0
woman-center-be/internal/app/v1/services/career_service.go:225.28,227.3 1 0
woman-center-be/internal/app/v1/services/career_service.go:232.72,239.22 4 0
woman-center-be/internal/app/v1/services/career_service.go:243.2,245.28 2 0
woman-center-be/internal/app/v1/services/career_service.go:249.2,249.12 1 0
woman-center-be/internal/app/v1/services/career_service.go:239.22,241.3 1 0
woman-center-be/internal/app/v1/services/career_service.go:245.28,247.3 1 0
woman-center-be/internal/app/v1/services/career_service.go:252.102,258.19 3 0
woman-center-be/internal/app/v1/services/career_service.go:262.2,264.16 2 0
woman-center-be/internal/app/v1/services/career_service.go:269.2,269.20 1 0
woman-center-be/internal/app/v1/services/career_service.go:258.19,260.3 1 0
woman-center-be/internal/app/v1/services/career_service.go:264.16,267.3 2 0
woman-center-be/internal/app/v1/services/career_service.go:272.85,279.22 4 0
woman-center-be/internal/app/v1/services/career_service.go:282.2,287.28 4 0
woman-center-be/internal/app/v1/services/career_service.go:291.2,291.12 1 0
woman-center-be/internal/app/v1/services/career_service.go:279.22,281.3 1 0
woman-center-be/internal/app/v1/services/career_service.go:287.28,289.3 1 0
woman-center-be/internal/app/v1/services/career_service.go:294.111,300.19 3 0
woman-center-be/internal/app/v1/services/career_service.go:304.2,306.16 2 0
woman-center-be/internal/app/v1/services/career_service.go:311.2,311.20 1 0
woman-center-be/internal/app/v1/services/career_service.go:300.19,302.3 1 0
woman-center-be/internal/app/v1/services/career_service.go:306.16,309.3 2 0
woman-center-be/internal/app/v1/services/counseling_package_service.go:35.118,37.2 1 0
woman-center-be/internal/app/v1/services/counseling_package_service.go:39.221,41.16 2 0
woman-center-be/internal/app/v1/services/counseling_package_service.go:45.2,46.25 2 0
woman-center-be/internal/app/v1/services/counseling_package_service.go:50.2,52.31 2 0
woman-center-be/internal/app/v1/services/counseling_package_service.go:56.2,61.16 4 0
woman-center-be/internal/app/v1/services/counseling_package_service.go:65.2,65.25 1 0
woman-center-be/internal/app/v1/services/counseling_package_service.go:41.16,43.3 1 0
woman-center-be/internal/app/v1/services/counseling_package_service.go:46.25,48.3 1 0
woman-center-be/internal/app/v1/services/counseling_package_service.go:52.31,54.3 1 0
woman-center-be/internal/app/v1/services/counseling_package_service.go:61.16,63.3 1 0
woman-center-be/internal/app/v1/services/counseling_package_service.go:68.126,70.16 2 0
woman-center-be/internal/app/v1/services/counseling_package_service.go:74.2,74.20 1 0
woman-center-be/internal/app/v1/services/counseling_package_service.go:70.16,72.3 1 0
woman-center-be/internal/app/v1/services/counseling_package_service.go:77.114,79.16 2 0
woman-center-be/internal/app/v1/services/counseling_package_service.go:82.2,82.20 1 0
woman-center-be/internal/app/v1/services/counseling_package_service.go:79.16,81.3 1 0
woman-center-be/internal/app/v1/services/counseling_package_service.go:85.96,88.16 2 0
woman-center-be/internal/app/v1/services/counseling_package_service.go:95.2,95.12 1 0
woman-center-be/internal/app/v1/services/counseling_package_service.go:88.16,89.57 1 0
woman-center-be/internal/app/v1/services/counseling_package_service.go:92.3,92.49 1 0
woman-center-be/internal/app/v1/services/counseling_package_service.go:89.57,91.4 1 0
woman-center-be/internal/app/v1/services/counseling_package_service.go:98.122,100.16 2 0
woman-center-be/internal/app/v1/services/counseling_package_service.go:103.2,103.23 1 0
woman-center-be/internal/app/v1/services/counseling_package_service.go:100.16,102.3 1 0
woman-center-be/internal/app/v1/services/counseling_package_service.go:106.225,108.16 2 0
woman-center-be/internal/app/v1/services/counseling_package_service.go:112.2,114.18 3 0
woman-center-be/internal/app/v1/services/counseling_package_service.go:118.2,119.16 2 0
woman-center-be/internal/app/v1/services/counseling_package_service.go:123.2,123.22 1 0
woman-center-be/internal/app/v1/services/counseling_package_service.go:133.2,136.16 3 0
woman-center-be/internal/app/v1/services/counseling_package_service.go:140.2,140.22 1 0
woman-center-be/internal/app/v1/services/counseling_package_service.go:108.16,110.3 1 0
woman-center-be/internal/app/v1/services/counseling_package_service.go:114.18,116.3 1 0
woman-center-be/internal/app/v1/services/counseling_package_service.go:119.16,121.3 1 0
woman-center-be/internal/app/v1/services/counseling_package_service.go:123.22,127.32 2 0
woman-center-be/internal/app/v1/services/counseling_package_service.go:131.3,131.41 1 0
woman-center-be/internal/app/v1/services/counseling_package_service.go:127.32,129.4 1 0
woman-center-be/internal/app/v1/services/counseling_package_service.go:136.16,138.3 1 0
woman-center-be/internal/app/v1/services/roles_service.go:27.98,32.2 1 0
woman-center-be/internal/app/v1/services/roles_service.go:34.147,36.16 2 0
woman-center-be/internal/app/v1/services/roles_service.go:40.2,43.16 3 0
woman-center-be/internal/app/v1/services/roles_service.go:47.2,47.25 1 0
woman-center-be/internal/app/v1/services/roles_service.go:36.16,38.3 1 0
woman-center-be/internal/app/v1/services/roles_service.go:43.16,45.3 1 0
woman-center-be/internal/app/v1/services/roles_service.go:50.85,52.16 2 0
woman-center-be/internal/app/v1/services/roles_service.go:56.2,56.20 1 0
woman-center-be/internal/app/v1/services/roles_service.go:52.16,54.3 1 0
woman-center-be/internal/app/v1/services/roles_service.go:59.80,61.25 2 0
woman-center-be/internal/app/v1/services/roles_service.go:65.2,66.16 2 0
woman-center-be/internal/app/v1/services/roles_service.go:70.2,70.12 1 0
woman-center-be/internal/app/v1/services/roles_service.go:61.25,63.3 1 0
woman-center-be/internal/app/v1/services/roles_service.go:66.16,68.3 1 0
